<?xml version="1.0" encoding="UTF-8"?>
<testng-results ignored="0" total="1" passed="1" failed="0" skipped="0">
  <reporter-output>
  </reporter-output>
  <suite started-at="2026-04-25T14:02:12 IST" name="Default suite" finished-at="2026-04-25T14:02:29 IST" duration-ms="17319">
    <groups>
    </groups>
    <test started-at="2026-04-25T14:02:12 IST" name="Default test" finished-at="2026-04-25T14:02:29 IST" duration-ms="17319">
      <class name="testngPractice.TestNG.Demo2_SoftAssert">
        <test-method signature="TestYoutube()[pri:0, instance:testngPractice.TestNG.Demo2_SoftAssert@4d154ccd]" started-at="2026-04-25T14:02:12 IST" name="TestYoutube" finished-at="2026-04-25T14:02:29 IST" duration-ms="17258" status="PASS">
          <reporter-output>
          </reporter-output>
        </test-method> <!-- TestYoutube -->
      </class> <!-- testngPractice.TestNG.Demo2_SoftAssert -->
    </test> <!-- Default test -->
  </suite> <!-- Default suite -->
</testng-results>
