<?xml version="1.0" encoding="UTF-8"?>
<testng-results ignored="0" total="2" passed="2" failed="0" skipped="0">
  <reporter-output>
  </reporter-output>
  <suite started-at="2026-04-23T21:00:51 IST" name="Default suite" finished-at="2026-04-23T21:01:45 IST" duration-ms="54177">
    <groups>
    </groups>
    <test started-at="2026-04-23T21:00:51 IST" name="Default test" finished-at="2026-04-23T21:01:45 IST" duration-ms="54177">
      <class name="testngPractice.TestNG.Demo1">
        <test-method signature="TestGoogle()[pri:0, instance:testngPractice.TestNG.Demo1@791f145a]" started-at="2026-04-23T21:00:51 IST" name="TestGoogle" finished-at="2026-04-23T21:01:15 IST" duration-ms="23149" status="PASS">
          <reporter-output>
          </reporter-output>
        </test-method> <!-- TestGoogle -->
        <test-method signature="TestYoutube()[pri:0, instance:testngPractice.TestNG.Demo1@791f145a]" started-at="2026-04-23T21:01:15 IST" name="TestYoutube" finished-at="2026-04-23T21:01:45 IST" duration-ms="30868" status="PASS">
          <reporter-output>
          </reporter-output>
        </test-method> <!-- TestYoutube -->
      </class> <!-- testngPractice.TestNG.Demo1 -->
    </test> <!-- Default test -->
  </suite> <!-- Default suite -->
</testng-results>
