<?xml version="1.0" encoding="UTF-8"?>
<!-- Generated by org.testng.reporters.JUnitXMLReporter -->
<testsuite ignored="0" hostname="Rohini" failures="0" tests="3" name="Default test" time="18.185" errors="0" timestamp="2026-04-20T16:37:30 IST">
  <testcase classname="testng.Demo.DemoblazeDataProvider" name="loginTest" time="4.157"/>
  <testcase classname="testng.Demo.DemoblazeDataProvider" name="loginTest" time="2.927"/>
  <testcase classname="testng.Demo.DemoblazeDataProvider" name="loginTest" time="2.414"/>
</testsuite> <!-- Default test -->
