<?xml version="1.0" encoding="UTF-8"?>
<testng-results ignored="0" total="1" passed="1" failed="0" skipped="0">
  <reporter-output>
  </reporter-output>
  <suite started-at="2026-04-28T16:32:01 IST" name="Default suite" finished-at="2026-04-28T16:32:11 IST" duration-ms="9869">
    <groups>
    </groups>
    <test started-at="2026-04-28T16:32:01 IST" name="Default test" finished-at="2026-04-28T16:32:11 IST" duration-ms="9869">
      <class name="com.test.LoginTest">
        <test-method is-config="true" signature="setup()[pri:0, instance:com.test.LoginTest@5149d738]" started-at="2026-04-28T16:32:01 IST" name="setup" finished-at="2026-04-28T16:32:09 IST" duration-ms="8341" status="PASS">
          <reporter-output>
          </reporter-output>
        </test-method> <!-- setup -->
        <test-method signature="loginTest()[pri:0, instance:com.test.LoginTest@5149d738]" started-at="2026-04-28T16:32:09 IST" name="loginTest" finished-at="2026-04-28T16:32:11 IST" duration-ms="1097" status="PASS">
          <reporter-output>
          </reporter-output>
        </test-method> <!-- loginTest -->
        <test-method is-config="true" signature="close()[pri:0, instance:com.test.LoginTest@5149d738]" started-at="2026-04-28T16:32:11 IST" name="close" finished-at="2026-04-28T16:32:11 IST" duration-ms="261" status="PASS">
          <reporter-output>
          </reporter-output>
        </test-method> <!-- close -->
      </class> <!-- com.test.LoginTest -->
    </test> <!-- Default test -->
  </suite> <!-- Default suite -->
</testng-results>
