<?xml version="1.0" encoding="UTF-8"?>
<!-- Generated by org.testng.reporters.JUnitReportReporter -->
<testsuite hostname="Rohini" failures="0" tests="2" name="testngPractice.TestNG.Demo1Test" time="18.565" errors="0" timestamp="2026-04-23T22:52:16 IST" skipped="0">
  <testcase classname="testngPractice.TestNG.Demo1Test" name="TestGoogle" time="7.913"/>
  <testcase classname="testngPractice.TestNG.Demo1Test" name="TestYoutube" time="10.652"/>
</testsuite> <!-- testngPractice.TestNG.Demo1Test -->
