<?xml version="1.0" encoding="UTF-8"?>
<!-- Generated by org.testng.reporters.JUnitReportReporter -->
<testsuite hostname="Rohini" failures="0" tests="2" name="testngPractice.TestNG.Demo3_Annotation" time="0.016" errors="0" timestamp="2026-04-23T20:11:48 IST" skipped="0">
  <testcase classname="testngPractice.TestNG.Demo3_Annotation" name="test1" time="0.012"/>
  <testcase classname="testngPractice.TestNG.Demo3_Annotation" name="test2" time="0.004"/>
</testsuite> <!-- testngPractice.TestNG.Demo3_Annotation -->
