<?xml version="1.0" encoding="UTF-8"?>
<!-- Generated by org.testng.reporters.JUnitReportReporter -->
<testsuite hostname="Rohini" failures="0" tests="7" name="testngPractice.TestNG.Demo1_OrangeHRM" time="46.087" errors="0" timestamp="2026-04-21T22:02:11 IST" skipped="0">
  <testcase classname="testngPractice.TestNG.Demo1_OrangeHRM" name="LaunchApplication" time="22.725"/>
  <testcase classname="testngPractice.TestNG.Demo1_OrangeHRM" name="NavigateToMyinfoTab" time="7.561"/>
  <testcase classname="testngPractice.TestNG.Demo1_OrangeHRM" name="VerifyMyinfo" time="1.164"/>
  <testcase classname="testngPractice.TestNG.Demo1_OrangeHRM" name="LaunchApplication" time="8.574"/>
  <testcase classname="testngPractice.TestNG.Demo1_OrangeHRM" name="LoginWithCredentials" time="1.455"/>
  <testcase classname="testngPractice.TestNG.Demo1_OrangeHRM" name="LoginWithCredentials" time="2.041"/>
  <testcase classname="testngPractice.TestNG.Demo1_OrangeHRM" name="VerifyLogin" time="2.567"/>
</testsuite> <!-- testngPractice.TestNG.Demo1_OrangeHRM -->
