<?xml version="1.0" encoding="UTF-8"?>
<!-- Generated by org.testng.reporters.JUnitReportReporter -->
<testsuite hostname="Rohini" failures="0" tests="9" name="testngPractice.TestNG.ParameterAnnotation_OrangeHRM" time="158.018" errors="0" timestamp="2026-04-25T22:20:55 IST" skipped="0">
  <testcase classname="testngPractice.TestNG.ParameterAnnotation_OrangeHRM" name="LaunchApplication" time="51.225"/>
  <testcase classname="testngPractice.TestNG.ParameterAnnotation_OrangeHRM" name="VerifyMyinfo" time="1.039"/>
  <testcase classname="testngPractice.TestNG.ParameterAnnotation_OrangeHRM" name="LoginWithCredentials" time="3.222"/>
  <testcase classname="testngPractice.TestNG.ParameterAnnotation_OrangeHRM" name="LaunchApplication" time="6.677"/>
  <testcase classname="testngPractice.TestNG.ParameterAnnotation_OrangeHRM" name="NavigateToMyinfoTab" time="43.808"/>
  <testcase classname="testngPractice.TestNG.ParameterAnnotation_OrangeHRM" name="VerifyLogin" time="0.761"/>
  <testcase classname="testngPractice.TestNG.ParameterAnnotation_OrangeHRM" name="GetBrowser" time="3.320"/>
  <testcase classname="testngPractice.TestNG.ParameterAnnotation_OrangeHRM" name="GetBrowser" time="44.675"/>
  <testcase classname="testngPractice.TestNG.ParameterAnnotation_OrangeHRM" name="LoginWithCredentials" time="3.291"/>
</testsuite> <!-- testngPractice.TestNG.ParameterAnnotation_OrangeHRM -->
