<?xml version="1.0" encoding="UTF-8"?>
<testsuite xmlns:xsi="http://www.w3.org/2001/XMLSchema-instance" xsi:noNamespaceSchemaLocation="https://maven.apache.org/surefire/maven-surefire-plugin/xsd/surefire-test-report-3.0.xsd" version="3.0" name="TestNG_Assertion.TestAssertions" time="0.005" tests="1" errors="0" skipped="0" failures="0">
  <properties>
[...]
</properties>
  <testcase name="testAssertion" classname="TestNG_Assertion.TestAssertions" time="0.003">
    <system-out><![CDATA[Equals Assertion is successful
False Assertion is successful
Not Null Assertion is successful
Same assertion is successful
Not Same Assertion is successful
]]></system-out>
  </testcase>
</testsuite>