<?xml version="1.0" encoding="UTF-8"?>
<!-- Generated by org.testng.reporters.JUnitXMLReporter -->
<testsuite ignored="2" hostname="Rohini" failures="0" tests="1" name="Default test(failed)" time="18.31" errors="0" timestamp="2026-04-22T14:35:03 IST">
  <testcase classname="com.test.TutorialsNinjaTest" name="loginWithValidData" time="8.071"/>
  <testcase classname="com.test.TutorialsNinjaTest" name="loginWithInvalidEmail" time="0.0">
    <ignored/>
  </testcase> <!-- loginWithInvalidEmail -->
  <testcase classname="com.test.TutorialsNinjaTest" name="loginWithInvalidPassword" time="0.0">
    <ignored/>
  </testcase> <!-- loginWithInvalidPassword -->
</testsuite> <!-- Default test(failed) -->
