<?xml version="1.0" encoding="UTF-8"?>
<!-- Generated by org.testng.reporters.JUnitXMLReporter -->
<testsuite ignored="0" hostname="Rohini" failures="0" tests="3" name="Default test" time="46.64" errors="0" timestamp="2026-05-04T15:47:10 IST">
  <testcase classname="com.test.TutorialsNinjaTest" name="loginWithInvalidEmail" time="6.576"/>
  <testcase classname="com.test.TutorialsNinjaTest" name="loginWithInvalidPassword" time="8.118"/>
  <testcase classname="com.test.TutorialsNinjaTest" name="loginWithValidData" time="7.881"/>
</testsuite> <!-- Default test -->
