<?xml version="1.0" encoding="UTF-8"?>
<!-- Generated by org.testng.reporters.JUnitXMLReporter -->
<testsuite ignored="0" hostname="Rohini" failures="0" tests="3" name="Default test" time="45.198" errors="0" timestamp="2026-04-22T14:40:39 IST">
  <testcase classname="com.test.TutorialsNinjaTest" name="loginWithInvalidEmail" time="10.41"/>
  <testcase classname="com.test.TutorialsNinjaTest" name="loginWithInvalidPassword" time="10.065"/>
  <testcase classname="com.test.TutorialsNinjaTest" name="loginWithValidData" time="8.377"/>
</testsuite> <!-- Default test -->
