<?xml version="1.0" encoding="UTF-8"?>
<testng-results ignored="0" total="2" passed="2" failed="0" skipped="0">
  <reporter-output>
  </reporter-output>
  <suite started-at="2026-04-28T12:53:27 IST" name="Suite" finished-at="2026-04-28T12:54:06 IST" duration-ms="38510">
    <groups>
    </groups>
    <test started-at="2026-04-28T12:53:27 IST" name="LoginTest" finished-at="2026-04-28T12:53:46 IST" duration-ms="18520">
      <class name="com.test.LoginTest">
        <test-method is-config="true" signature="setup()[pri:0, instance:com.test.LoginTest@663c9e7a]" started-at="2026-04-28T12:53:27 IST" name="setup" finished-at="2026-04-28T12:53:43 IST" duration-ms="15505" status="PASS">
          <reporter-output>
          </reporter-output>
        </test-method> <!-- setup -->
        <test-method signature="loginTest()[pri:0, instance:com.test.LoginTest@663c9e7a]" started-at="2026-04-28T12:53:43 IST" name="loginTest" finished-at="2026-04-28T12:53:44 IST" duration-ms="1380" status="PASS">
          <reporter-output>
          </reporter-output>
        </test-method> <!-- loginTest -->
        <test-method is-config="true" signature="close()[pri:0, instance:com.test.LoginTest@663c9e7a]" started-at="2026-04-28T12:53:44 IST" name="close" finished-at="2026-04-28T12:53:46 IST" duration-ms="1550" status="PASS">
          <reporter-output>
          </reporter-output>
        </test-method> <!-- close -->
      </class> <!-- com.test.LoginTest -->
    </test> <!-- LoginTest -->
    <test started-at="2026-04-28T12:53:46 IST" name="DashboardTest" finished-at="2026-04-28T12:54:06 IST" duration-ms="19895">
      <class name="com.test.DashboardTest">
        <test-method is-config="true" signature="setup()[pri:0, instance:com.test.DashboardTest@5890e879]" started-at="2026-04-28T12:53:46 IST" name="setup" finished-at="2026-04-28T12:53:57 IST" duration-ms="10535" status="PASS">
          <reporter-output>
          </reporter-output>
        </test-method> <!-- setup -->
        <test-method signature="dashboardTest()[pri:0, instance:com.test.DashboardTest@5890e879]" started-at="2026-04-28T12:53:57 IST" name="dashboardTest" finished-at="2026-04-28T12:54:05 IST" duration-ms="7921" status="PASS">
          <reporter-output>
          </reporter-output>
        </test-method> <!-- dashboardTest -->
        <test-method is-config="true" signature="close()[pri:0, instance:com.test.DashboardTest@5890e879]" started-at="2026-04-28T12:54:05 IST" name="close" finished-at="2026-04-28T12:54:06 IST" duration-ms="1431" status="PASS">
          <reporter-output>
          </reporter-output>
        </test-method> <!-- close -->
      </class> <!-- com.test.DashboardTest -->
    </test> <!-- DashboardTest -->
  </suite> <!-- Suite -->
</testng-results>
