<?xml version="1.0" encoding="UTF-8"?>
<!-- Generated by org.testng.reporters.JUnitXMLReporter -->
<testsuite ignored="1" hostname="Rohini" failures="0" tests="1" name="LaunchBrowser" time="3.959" errors="0" timestamp="2026-04-25T20:45:59 IST">
  <testcase classname="testngPractice.TestNG.ParameterAnnotation_OrangeHRM" name="@BeforeMethod LaunchURL" time="-1.777130159217E9">
    <failure type="org.testng.TestNGException" message="
Parameter &amp;apos;websiteURL&amp;apos; is required by BeforeMethod on method LaunchURL but has not been marked @Optional or defined
in D:\EXPLEO - SmartCliff_Training\Git\TestNG\TestNG\testng.xml">
      <![CDATA[org.testng.TestNGException: 
Parameter 'websiteURL' is required by BeforeMethod on method LaunchURL but has not been marked @Optional or defined
in D:\EXPLEO - SmartCliff_Training\Git\TestNG\TestNG\testng.xml
at java.base/java.util.ArrayList.forEach(ArrayList.java:1511)
... Removed 28 stack frames]]>
    </failure>
  </testcase> <!-- @BeforeMethod LaunchURL -->
  <testcase classname="testngPractice.TestNG.ParameterAnnotation_OrangeHRM" name="TestBrowser" time="0.0">
    <skipped/>
  </testcase> <!-- TestBrowser -->
  <testcase classname="testngPractice.TestNG.ParameterAnnotation_OrangeHRM" name="TestApplication" time="0.0">
    <ignored/>
  </testcase> <!-- TestApplication -->
</testsuite> <!-- LaunchBrowser -->
