<?xml version="1.0" encoding="UTF-8"?>
<!-- Generated by org.testng.reporters.JUnitXMLReporter -->
<testsuite ignored="1" hostname="Rohini" failures="0" tests="1" name="LaunchWebsite" time="0.02" errors="0" timestamp="2026-04-25T20:45:59 IST">
  <testcase classname="testngPractice.TestNG.ParameterAnnotation_OrangeHRM" name="TestApplication" time="0.0">
    <skipped/>
  </testcase> <!-- TestApplication -->
  <testcase classname="testngPractice.TestNG.ParameterAnnotation_OrangeHRM" name="TestBrowser" time="0.0">
    <ignored/>
  </testcase> <!-- TestBrowser -->
</testsuite> <!-- LaunchWebsite -->
