<?xml version="1.0" encoding="UTF-8"?>
<!-- Generated by org.testng.reporters.JUnitXMLReporter -->
<testsuite ignored="2" hostname="Rohini" failures="0" tests="3" name="LoginTest" time="12.733" errors="0" timestamp="2026-04-21T22:01:26 IST">
  <testcase classname="testngPractice.TestNG.Demo1_OrangeHRM" name="LaunchApplication" time="8.574"/>
  <testcase classname="testngPractice.TestNG.Demo1_OrangeHRM" name="LoginWithCredentials" time="1.455"/>
  <testcase classname="testngPractice.TestNG.Demo1_OrangeHRM" name="VerifyLogin" time="2.567"/>
  <testcase classname="testngPractice.TestNG.Demo1_OrangeHRM" name="VerifyMyinfo" time="0.0">
    <ignored/>
  </testcase> <!-- VerifyMyinfo -->
  <testcase classname="testngPractice.TestNG.Demo1_OrangeHRM" name="NavigateToMyinfoTab" time="0.0">
    <ignored/>
  </testcase> <!-- NavigateToMyinfoTab -->
</testsuite> <!-- LoginTest -->
