<?xml version="1.0" encoding="UTF-8"?>
<!-- Generated by org.testng.reporters.JUnitXMLReporter -->
<testsuite ignored="2" hostname="Rohini" failures="0" tests="4" name="LoginValidation" time="58.674" errors="0" timestamp="2026-04-25T22:19:15 IST">
  <testcase classname="testngPractice.TestNG.ParameterAnnotation_OrangeHRM" name="GetBrowser" time="3.32"/>
  <testcase classname="testngPractice.TestNG.ParameterAnnotation_OrangeHRM" name="LaunchApplication" time="51.225"/>
  <testcase classname="testngPractice.TestNG.ParameterAnnotation_OrangeHRM" name="LoginWithCredentials" time="3.222"/>
  <testcase classname="testngPractice.TestNG.ParameterAnnotation_OrangeHRM" name="VerifyLogin" time="0.761"/>
  <testcase classname="testngPractice.TestNG.ParameterAnnotation_OrangeHRM" name="VerifyMyinfo" time="0.0">
    <ignored/>
  </testcase> <!-- VerifyMyinfo -->
  <testcase classname="testngPractice.TestNG.ParameterAnnotation_OrangeHRM" name="NavigateToMyinfoTab" time="0.0">
    <ignored/>
  </testcase> <!-- NavigateToMyinfoTab -->
</testsuite> <!-- LoginValidation -->
