<?xml version="1.0" encoding="UTF-8"?>
<!-- Generated by org.testng.reporters.JUnitXMLReporter -->
<testsuite ignored="1" hostname="Rohini" failures="0" tests="4" name="MyInfoTest" time="33.525" errors="0" timestamp="2026-04-21T22:01:59 IST">
  <testcase classname="testngPractice.TestNG.Demo1_OrangeHRM" name="LaunchApplication" time="22.725"/>
  <testcase classname="testngPractice.TestNG.Demo1_OrangeHRM" name="LoginWithCredentials" time="2.041"/>
  <testcase classname="testngPractice.TestNG.Demo1_OrangeHRM" name="NavigateToMyinfoTab" time="7.561"/>
  <testcase classname="testngPractice.TestNG.Demo1_OrangeHRM" name="VerifyMyinfo" time="1.164"/>
  <testcase classname="testngPractice.TestNG.Demo1_OrangeHRM" name="VerifyLogin" time="0.0">
    <ignored/>
  </testcase> <!-- VerifyLogin -->
</testsuite> <!-- MyInfoTest -->
