<?xml version="1.0" encoding="UTF-8"?>
<!-- Generated by org.testng.reporters.JUnitXMLReporter -->
<testsuite ignored="1" hostname="Rohini" failures="0" tests="5" name="MyInfoValidation" time="99.53" errors="0" timestamp="2026-04-25T22:20:55 IST">
  <testcase classname="testngPractice.TestNG.ParameterAnnotation_OrangeHRM" name="GetBrowser" time="44.675"/>
  <testcase classname="testngPractice.TestNG.ParameterAnnotation_OrangeHRM" name="LaunchApplication" time="6.677"/>
  <testcase classname="testngPractice.TestNG.ParameterAnnotation_OrangeHRM" name="LoginWithCredentials" time="3.291"/>
  <testcase classname="testngPractice.TestNG.ParameterAnnotation_OrangeHRM" name="NavigateToMyinfoTab" time="43.808"/>
  <testcase classname="testngPractice.TestNG.ParameterAnnotation_OrangeHRM" name="VerifyMyinfo" time="1.039"/>
  <testcase classname="testngPractice.TestNG.ParameterAnnotation_OrangeHRM" name="VerifyLogin" time="0.0">
    <ignored/>
  </testcase> <!-- VerifyLogin -->
</testsuite> <!-- MyInfoValidation -->
