<?xml version="1.0" encoding="UTF-8"?>
<!-- Generated by org.testng.reporters.JUnitReportReporter -->
<testsuite hostname="Rohini" failures="0" tests="3" name="testng.Demo.DemoblazeDataProvider" time="18.093" errors="0" timestamp="2026-04-20T16:37:31 IST" skipped="0">
  <testcase classname="testng.Demo.DemoblazeDataProvider" name="loginTest" time="7.551"/>
  <testcase classname="testng.Demo.DemoblazeDataProvider" name="loginTest" time="5.095"/>
  <testcase classname="testng.Demo.DemoblazeDataProvider" name="loginTest" time="5.447"/>
</testsuite> <!-- testng.Demo.DemoblazeDataProvider -->
