<?xml version="1.0" encoding="UTF-8"?>
<!-- Generated by org.testng.reporters.JUnitReportReporter -->
<testsuite hostname="Rohini" failures="0" tests="3" name="testng.Demo.DataProviderDemo3" time="11.822" errors="0" timestamp="2026-04-20T15:24:45 IST" skipped="0">
  <testcase classname="testng.Demo.DataProviderDemo3" name="search" time="4.460"/>
  <testcase classname="testng.Demo.DataProviderDemo3" name="search" time="3.104"/>
  <testcase classname="testng.Demo.DataProviderDemo3" name="search" time="4.258"/>
</testsuite> <!-- testng.Demo.DataProviderDemo3 -->
