<?xml version="1.0" encoding="UTF-8"?>
<!-- Generated by org.testng.reporters.JUnitReportReporter -->
<testsuite hostname="Rohini" failures="0" tests="5" name="testng.Demo.DependsOnGroup" time="0.057" errors="0" timestamp="2026-04-17T15:05:22 IST" skipped="0">
  <testcase classname="testng.Demo.DependsOnGroup" name="testMethod2ForGroupA" time="0.003"/>
  <testcase classname="testng.Demo.DependsOnGroup" name="testMethod1ForGroupA" time="0.043"/>
  <testcase classname="testng.Demo.DependsOnGroup" name="dependsOnGroupA" time="0.003"/>
  <testcase classname="testng.Demo.DependsOnGroup" name="testMethod1ForGroupB" time="0.004"/>
  <testcase classname="testng.Demo.DependsOnGroup" name="testMethod2ForGroupB" time="0.004"/>
</testsuite> <!-- testng.Demo.DependsOnGroup -->
