<?xml version="1.0" encoding="UTF-8"?>
<!-- Generated by org.testng.reporters.JUnitReportReporter -->
<testsuite hostname="Rohini" failures="0" tests="3" name="TestNG_Assertion.DemoBlazeAssert" time="19.577" errors="0" timestamp="2026-04-17T15:48:48 IST" skipped="0">
  <testcase classname="TestNG_Assertion.DemoBlazeAssert" name="InvalidPassword" time="3.858"/>
  <testcase classname="TestNG_Assertion.DemoBlazeAssert" name="validation" time="12.854"/>
  <testcase classname="TestNG_Assertion.DemoBlazeAssert" name="InvalidUserName" time="2.865"/>
</testsuite> <!-- TestNG_Assertion.DemoBlazeAssert -->
