<?xml version="1.0" encoding="UTF-8"?>
<!-- Generated by org.testng.reporters.JUnitReportReporter -->
<testsuite hostname="Rohini" failures="0" tests="3" name="testng.Demo.DemoBlaze" time="16.492" errors="0" timestamp="2026-04-17T11:41:52 IST" skipped="0">
  <testcase classname="testng.Demo.DemoBlaze" name="InvalidUserName" time="1.485"/>
  <testcase classname="testng.Demo.DemoBlaze" name="InvalidPassword" time="3.948"/>
  <testcase classname="testng.Demo.DemoBlaze" name="validation" time="11.059"/>
</testsuite> <!-- testng.Demo.DemoBlaze -->
