<?xml version="1.0" encoding="UTF-8"?>
<testng-results ignored="0" total="3" passed="3" failed="0" skipped="0">
  <reporter-output>
  </reporter-output>
  <suite started-at="2026-05-04T15:46:24 IST" name="Default suite" finished-at="2026-05-04T15:47:10 IST" duration-ms="46640">
    <groups>
    </groups>
    <test started-at="2026-05-04T15:46:24 IST" name="Default test" finished-at="2026-05-04T15:47:10 IST" duration-ms="46640">
      <class name="com.test.TutorialsNinjaTest">
        <test-method is-config="true" signature="setUp()[pri:0, instance:com.test.TutorialsNinjaTest@7674f035]" started-at="2026-05-04T15:46:29 IST" name="setUp" finished-at="2026-05-04T15:46:38 IST" duration-ms="9493" status="PASS">
          <reporter-output>
          </reporter-output>
        </test-method> <!-- setUp -->
        <test-method signature="loginWithInvalidEmail(java.lang.String,java.lang.String)[pri:0, instance:com.test.TutorialsNinjaTest@7674f035]" started-at="2026-05-04T15:46:38 IST" name="loginWithInvalidEmail" data-provider="invalidEmailData" finished-at="2026-05-04T15:46:45 IST" duration-ms="6576" status="PASS">
          <params>
            <param index="0">
              <value>
                <![CDATA[rohini1@gmail.com]]>
              </value>
            </param>
            <param index="1">
              <value>
                <![CDATA[Rohini_16]]>
              </value>
            </param>
          </params>
          <reporter-output>
          </reporter-output>
        </test-method> <!-- loginWithInvalidEmail -->
        <test-method is-config="true" signature="tearDown()[pri:0, instance:com.test.TutorialsNinjaTest@7674f035]" started-at="2026-05-04T15:46:45 IST" name="tearDown" finished-at="2026-05-04T15:46:45 IST" duration-ms="431" status="PASS">
          <reporter-output>
          </reporter-output>
        </test-method> <!-- tearDown -->
        <test-method is-config="true" signature="setUp()[pri:0, instance:com.test.TutorialsNinjaTest@7674f035]" started-at="2026-05-04T15:46:46 IST" name="setUp" finished-at="2026-05-04T15:46:50 IST" duration-ms="4694" status="PASS">
          <reporter-output>
          </reporter-output>
        </test-method> <!-- setUp -->
        <test-method signature="loginWithInvalidPassword(java.lang.String,java.lang.String)[pri:0, instance:com.test.TutorialsNinjaTest@7674f035]" started-at="2026-05-04T15:46:50 IST" name="loginWithInvalidPassword" data-provider="invalidPasswordData" finished-at="2026-05-04T15:46:58 IST" duration-ms="8118" status="PASS">
          <params>
            <param index="0">
              <value>
                <![CDATA[rohini@gmail.com]]>
              </value>
            </param>
            <param index="1">
              <value>
                <![CDATA[Rohini ]]>
              </value>
            </param>
          </params>
          <reporter-output>
          </reporter-output>
        </test-method> <!-- loginWithInvalidPassword -->
        <test-method is-config="true" signature="tearDown()[pri:0, instance:com.test.TutorialsNinjaTest@7674f035]" started-at="2026-05-04T15:46:58 IST" name="tearDown" finished-at="2026-05-04T15:46:59 IST" duration-ms="590" status="PASS">
          <reporter-output>
          </reporter-output>
        </test-method> <!-- tearDown -->
        <test-method is-config="true" signature="setUp()[pri:0, instance:com.test.TutorialsNinjaTest@7674f035]" started-at="2026-05-04T15:46:59 IST" name="setUp" finished-at="2026-05-04T15:47:02 IST" duration-ms="2858" status="PASS">
          <reporter-output>
          </reporter-output>
        </test-method> <!-- setUp -->
        <test-method signature="loginWithValidData(java.lang.String,java.lang.String)[pri:0, instance:com.test.TutorialsNinjaTest@7674f035]" started-at="2026-05-04T15:47:02 IST" name="loginWithValidData" data-provider="validData" finished-at="2026-05-04T15:47:10 IST" duration-ms="7881" status="PASS">
          <params>
            <param index="0">
              <value>
                <![CDATA[rohini@gmail.com]]>
              </value>
            </param>
            <param index="1">
              <value>
                <![CDATA[Rohini_16]]>
              </value>
            </param>
          </params>
          <reporter-output>
          </reporter-output>
        </test-method> <!-- loginWithValidData -->
        <test-method is-config="true" signature="tearDown()[pri:0, instance:com.test.TutorialsNinjaTest@7674f035]" started-at="2026-05-04T15:47:10 IST" name="tearDown" finished-at="2026-05-04T15:47:10 IST" duration-ms="466" status="PASS">
          <reporter-output>
          </reporter-output>
        </test-method> <!-- tearDown -->
      </class> <!-- com.test.TutorialsNinjaTest -->
    </test> <!-- Default test -->
  </suite> <!-- Default suite -->
</testng-results>
