<?xml version="1.0" encoding="UTF-8"?>
<testng-results ignored="0" total="3" passed="3" failed="0" skipped="0">
  <reporter-output>
  </reporter-output>
  <suite started-at="2026-04-22T14:39:54 IST" name="Default suite" finished-at="2026-04-22T14:40:39 IST" duration-ms="45198">
    <groups>
    </groups>
    <test started-at="2026-04-22T14:39:54 IST" name="Default test" finished-at="2026-04-22T14:40:39 IST" duration-ms="45198">
      <class name="com.test.TutorialsNinjaTest">
        <test-method is-config="true" signature="setUp()[pri:0, instance:com.test.TutorialsNinjaTest@7674f035]" started-at="2026-04-22T14:39:58 IST" name="setUp" finished-at="2026-04-22T14:40:03 IST" duration-ms="5293" status="PASS">
          <reporter-output>
          </reporter-output>
        </test-method> <!-- setUp -->
        <test-method signature="loginWithInvalidEmail(java.lang.String,java.lang.String)[pri:0, instance:com.test.TutorialsNinjaTest@7674f035]" started-at="2026-04-22T14:40:03 IST" name="loginWithInvalidEmail" data-provider="invalidEmailData" finished-at="2026-04-22T14:40:14 IST" duration-ms="10410" status="PASS">
          <params>
            <param index="0">
              <value>
                <![CDATA[rohini1@gmail.com]]>
              </value>
            </param>
            <param index="1">
              <value>
                <![CDATA[Rohini_16]]>
              </value>
            </param>
          </params>
          <reporter-output>
          </reporter-output>
        </test-method> <!-- loginWithInvalidEmail -->
        <test-method is-config="true" signature="tearDown()[pri:0, instance:com.test.TutorialsNinjaTest@7674f035]" started-at="2026-04-22T14:40:14 IST" name="tearDown" finished-at="2026-04-22T14:40:14 IST" duration-ms="338" status="PASS">
          <reporter-output>
          </reporter-output>
        </test-method> <!-- tearDown -->
        <test-method is-config="true" signature="setUp()[pri:0, instance:com.test.TutorialsNinjaTest@7674f035]" started-at="2026-04-22T14:40:14 IST" name="setUp" finished-at="2026-04-22T14:40:17 IST" duration-ms="2505" status="PASS">
          <reporter-output>
          </reporter-output>
        </test-method> <!-- setUp -->
        <test-method signature="loginWithInvalidPassword(java.lang.String,java.lang.String)[pri:0, instance:com.test.TutorialsNinjaTest@7674f035]" started-at="2026-04-22T14:40:17 IST" name="loginWithInvalidPassword" data-provider="invalidPasswordData" finished-at="2026-04-22T14:40:27 IST" duration-ms="10065" status="PASS">
          <params>
            <param index="0">
              <value>
                <![CDATA[rohini@gmail.com]]>
              </value>
            </param>
            <param index="1">
              <value>
                <![CDATA[Rohini ]]>
              </value>
            </param>
          </params>
          <reporter-output>
          </reporter-output>
        </test-method> <!-- loginWithInvalidPassword -->
        <test-method is-config="true" signature="tearDown()[pri:0, instance:com.test.TutorialsNinjaTest@7674f035]" started-at="2026-04-22T14:40:27 IST" name="tearDown" finished-at="2026-04-22T14:40:27 IST" duration-ms="425" status="PASS">
          <reporter-output>
          </reporter-output>
        </test-method> <!-- tearDown -->
        <test-method is-config="true" signature="setUp()[pri:0, instance:com.test.TutorialsNinjaTest@7674f035]" started-at="2026-04-22T14:40:27 IST" name="setUp" finished-at="2026-04-22T14:40:30 IST" duration-ms="2744" status="PASS">
          <reporter-output>
          </reporter-output>
        </test-method> <!-- setUp -->
        <test-method signature="loginWithValidData(java.lang.String,java.lang.String)[pri:0, instance:com.test.TutorialsNinjaTest@7674f035]" started-at="2026-04-22T14:40:30 IST" name="loginWithValidData" data-provider="validData" finished-at="2026-04-22T14:40:38 IST" duration-ms="8377" status="PASS">
          <params>
            <param index="0">
              <value>
                <![CDATA[rohini@gmail.com]]>
              </value>
            </param>
            <param index="1">
              <value>
                <![CDATA[Rohini_16]]>
              </value>
            </param>
          </params>
          <reporter-output>
          </reporter-output>
        </test-method> <!-- loginWithValidData -->
        <test-method is-config="true" signature="tearDown()[pri:0, instance:com.test.TutorialsNinjaTest@7674f035]" started-at="2026-04-22T14:40:38 IST" name="tearDown" finished-at="2026-04-22T14:40:39 IST" duration-ms="482" status="PASS">
          <reporter-output>
          </reporter-output>
        </test-method> <!-- tearDown -->
      </class> <!-- com.test.TutorialsNinjaTest -->
    </test> <!-- Default test -->
  </suite> <!-- Default suite -->
</testng-results>
