<?xml version="1.0" encoding="UTF-8"?>
<!-- Generated by org.testng.reporters.JUnitReportReporter -->
<testsuite hostname="Rohini" failures="0" tests="3" name="com.test.TutorialsNinjaTest" time="40.639" errors="0" timestamp="2026-04-22T14:40:39 IST" skipped="0">
  <testcase classname="com.test.TutorialsNinjaTest" name="loginWithInvalidEmail" time="16.128"/>
  <testcase classname="com.test.TutorialsNinjaTest" name="loginWithValidData" time="11.459"/>
  <testcase classname="com.test.TutorialsNinjaTest" name="loginWithInvalidPassword" time="13.052"/>
</testsuite> <!-- com.test.TutorialsNinjaTest -->
