<?xml version="1.0" encoding="UTF-8"?>
<!-- Generated by org.testng.reporters.JUnitReportReporter -->
<testsuite hostname="Rohini" failures="0" tests="3" name="com.test.Logger_TutorialsNinjaTest" time="20.619" errors="0" timestamp="2026-04-22T12:39:55 IST" skipped="0">
  <testcase classname="com.test.Logger_TutorialsNinjaTest" name="loginWithInvalidEmail" time="8.434"/>
  <testcase classname="com.test.Logger_TutorialsNinjaTest" name="loginWithInvalidPassword" time="6.035"/>
  <testcase classname="com.test.Logger_TutorialsNinjaTest" name="loginWithValidData" time="6.150"/>
</testsuite> <!-- com.test.Logger_TutorialsNinjaTest -->
