<?xml version="1.0" encoding="UTF-8"?>
<!-- Generated by org.testng.reporters.JUnitReportReporter -->
<testsuite hostname="Rohini" failures="0" tests="3" name="com.test.TutorialsNinjaTest" time="41.107" errors="0" timestamp="2026-05-04T15:47:11 IST" skipped="0">
  <testcase classname="com.test.TutorialsNinjaTest" name="loginWithInvalidEmail" time="11.701"/>
  <testcase classname="com.test.TutorialsNinjaTest" name="loginWithValidData" time="11.205"/>
  <testcase classname="com.test.TutorialsNinjaTest" name="loginWithInvalidPassword" time="18.201"/>
</testsuite> <!-- com.test.TutorialsNinjaTest -->
